app/build/outputs/logs/manifest-merger-debug-report.txt
-- Merging decision tree log ---
manifest
ADDED from src/main/AndroidManifest.xml:2:1-26:12
	package
		ADDED from src/main/AndroidManifest.xml:3:5-48
		INJECTED from src/main/AndroidManifest.xml
		INJECTED from src/main/AndroidManifest.xml
	xmlns:android
		ADDED from src/main/AndroidManifest.xml:2:11-69
application
ADDED from src/main/AndroidManifest.xml:5:5-24:19
	android:label
		ADDED from src/main/AndroidManifest.xml:5:18-56
activity#com.twjp.nowonyap.AssistActivity
ADDED from src/main/AndroidManifest.xml:7:9-22:20
	android:theme
		ADDED from src/main/AndroidManifest.xml:9:13-60
	android:name
		ADDED from src/main/AndroidManifest.xml:8:13-60
intent-filter#android.intent.action.ASSIST+android.intent.category.DEFAULT
ADDED from src/main/AndroidManifest.xml:12:13-15:29
action#android.intent.action.ASSIST
ADDED from src/main/AndroidManifest.xml:13:17-71
	android:name
		ADDED from src/main/AndroidManifest.xml:13:25-68
category#android.intent.category.DEFAULT
ADDED from src/main/AndroidManifest.xml:14:17-76
	android:name
		ADDED from src/main/AndroidManifest.xml:14:27-73
meta-data#com.android.systemui.action_assist_icon
ADDED from src/main/AndroidManifest.xml:18:13-20:65
	android:resource
		ADDED from src/main/AndroidManifest.xml:20:17-62
	android:name
		ADDED from src/main/AndroidManifest.xml:19:17-71